2023-12-26 13:17:48,882 [Worker-6: Loading available Gradle versions] INFO  o.e.b.c.i.u.g.PublishedGradleVersions - Gradle version information cache is up-to-date. Trying to read.
2023-12-26 13:17:50,463 [ForkJoinPool.commonPool-worker-1] INFO  o.s.s.s.o.s.c.s.PostProcessorRegistrationDelegate$BeanPostProcessorChecker - Bean 'sonarLintSpringAppConfig' of type [org.sonarsource.sonarlint.core.spring.SonarLintSpringAppConfig$$EnhancerBySpringCGLIB$$b96a7eab] is not eligible for getting processed by all BeanPostProcessors (for example: not eligible for auto-proxying)
2023-12-26 13:17:50,646 [ForkJoinPool.commonPool-worker-1] INFO  o.s.s.s.o.s.c.s.PostProcessorRegistrationDelegate$BeanPostProcessorChecker - Bean 'provideClientEventBus' of type [com.google.common.eventbus.AsyncEventBus] is not eligible for getting processed by all BeanPostProcessors (for example: not eligible for auto-proxying)
2023-12-26 13:17:54,757 [Worker-7: Building] INFO  o.e.m.c.i.l.LifecycleMappingFactory - Using org.eclipse.m2e.jdt.JarLifecycleMapping lifecycle mapping for MavenProject: com.MueveTIC:MueveTIC:0.0.1-SNAPSHOT @ C:\Users\alexs\OneDrive - Universidad de Castilla-La Mancha\Escritorio\UNIVERSIDAD\CUARTO\Proyecto_Integrado_Sprint2\SPRINT 2\SPRINT 2\SPRINT 2 BACKEND\MueveTIC\pom.xml.
2023-12-26 13:17:56,944 [ForkJoinPool.commonPool-worker-1] INFO  jetbrains.exodus.io.FileDataWriter - Uninterruptible file channel will be used
2023-12-26 13:17:56,945 [ForkJoinPool.commonPool-worker-1] WARN  jetbrains.exodus.io.FileDataWriter - Can't open directory channel. Log directory fsync won't be performed.
2023-12-26 13:17:57,235 [ForkJoinPool.commonPool-worker-1] INFO  j.exodus.env.EnvironmentImpl - Exodus environment created: C:\Users\alexs\OneDrive - Universidad de Castilla-La Mancha\Escritorio\UNIVERSIDAD\CUARTO\Proyecto_Integrado_Sprint2\SPRINT 2\SPRINT 2\SPRINT 2 BACKEND\.sonarlint\default\xodus-local-only-issue-store3636701426349496641
2023-12-26 13:17:57,252 [ForkJoinPool.commonPool-worker-1] INFO  j.exodus.gc.GarbageCollector - Queueing ComputeUtilizationFromScratchJob
2023-12-26 13:18:00,441 [Worker-7: Building] INFO  o.a.m.s.f.DefaultMavenResourcesFiltering - Copying 1 resource from src\main\resources to target\classes
2023-12-26 13:18:00,449 [Worker-7: Building] INFO  o.a.m.s.f.DefaultMavenResourcesFiltering - Copying 0 resource from src\main\resources to target\classes
2023-12-26 13:18:00,452 [Worker-7: Building] INFO  o.a.m.s.f.DefaultMavenResourcesFiltering - skip non existing resourceDirectory C:\Users\alexs\OneDrive - Universidad de Castilla-La Mancha\Escritorio\UNIVERSIDAD\CUARTO\Proyecto_Integrado_Sprint2\SPRINT 2\SPRINT 2\SPRINT 2 BACKEND\MueveTIC\src\test\resources
2023-12-26 13:18:03,404 [Worker-39: Building] INFO  o.e.m.c.i.l.LifecycleMappingFactory - Using org.eclipse.m2e.jdt.JarLifecycleMapping lifecycle mapping for MavenProject: com.MueveTIC:MueveTIC:0.0.1-SNAPSHOT @ C:\Users\alexs\OneDrive - Universidad de Castilla-La Mancha\Escritorio\UNIVERSIDAD\CUARTO\Proyecto_Integrado_Sprint2\SPRINT 2\SPRINT 2\SPRINT 2 BACKEND\MueveTIC\pom.xml.
2023-12-26 13:18:06,927 [Exodus shared background cleaner] INFO  j.exodus.gc.GarbageCollector - Started calculation of log utilization from scratch at C:\Users\alexs\OneDrive - Universidad de Castilla-La Mancha\Escritorio\UNIVERSIDAD\CUARTO\Proyecto_Integrado_Sprint2\SPRINT 2\SPRINT 2\SPRINT 2 BACKEND\.sonarlint\default\xodus-local-only-issue-store3636701426349496641
2023-12-26 13:18:06,960 [Exodus shared background cleaner] INFO  j.exodus.gc.GarbageCollector - Finished calculation of log utilization from scratch at C:\Users\alexs\OneDrive - Universidad de Castilla-La Mancha\Escritorio\UNIVERSIDAD\CUARTO\Proyecto_Integrado_Sprint2\SPRINT 2\SPRINT 2\SPRINT 2 BACKEND\.sonarlint\default\xodus-local-only-issue-store3636701426349496641
2023-12-26 13:18:07,080 [Worker-32: Updating Maven Project] INFO  o.e.m.c.i.p.ProjectConfigurationManager - Update started
2023-12-26 13:18:07,388 [Worker-32: Updating Maven Project] INFO  o.e.m.c.i.l.LifecycleMappingFactory - Using org.eclipse.m2e.jdt.JarLifecycleMapping lifecycle mapping for MavenProject: com.MueveTIC:MueveTIC:0.0.1-SNAPSHOT @ C:\Users\alexs\OneDrive - Universidad de Castilla-La Mancha\Escritorio\UNIVERSIDAD\CUARTO\Proyecto_Integrado_Sprint2\SPRINT 2\SPRINT 2\SPRINT 2 BACKEND\MueveTIC\pom.xml.
2023-12-26 13:18:07,923 [Worker-32: Updating Maven Project] INFO  o.e.m.j.i.AbstractJavaProjectConfigurator - Adding source folder /MueveTIC/src/main/java
2023-12-26 13:18:07,923 [Worker-32: Updating Maven Project] INFO  o.e.m.j.i.AbstractJavaProjectConfigurator - Adding resource folder /MueveTIC/src/main/resources
2023-12-26 13:18:07,924 [Worker-32: Updating Maven Project] INFO  o.e.m.j.i.AbstractJavaProjectConfigurator - Adding resource folder /MueveTIC/src/main/resources
2023-12-26 13:18:07,925 [Worker-32: Updating Maven Project] INFO  o.e.m.j.i.AbstractJavaProjectConfigurator - Adding source folder /MueveTIC/src/test/java
2023-12-26 13:18:07,926 [Worker-32: Updating Maven Project] INFO  o.e.m.j.i.AbstractJavaProjectConfigurator - Adding resource folder /MueveTIC/src/test/resources
2023-12-26 13:18:08,321 [Worker-32: Updating Maven Project] INFO  o.e.m.c.i.p.ProjectConfigurationManager - Update completed for 1 poms: local refresh takes 0,00 sec, refresh facades takes 0,00 sec, update config takes 0,00 sec 
2023-12-26 13:18:09,007 [Worker-20: Building] INFO  o.a.m.s.f.DefaultMavenResourcesFiltering - Copying 1 resource from src\main\resources to target\classes
2023-12-26 13:18:09,029 [Worker-20: Building] INFO  o.a.m.s.f.DefaultMavenResourcesFiltering - Copying 0 resource from src\main\resources to target\classes
2023-12-26 13:18:09,034 [Worker-20: Building] INFO  o.a.m.s.f.DefaultMavenResourcesFiltering - skip non existing resourceDirectory C:\Users\alexs\OneDrive - Universidad de Castilla-La Mancha\Escritorio\UNIVERSIDAD\CUARTO\Proyecto_Integrado_Sprint2\SPRINT 2\SPRINT 2\SPRINT 2 BACKEND\MueveTIC\src\test\resources
2023-12-26 18:04:31,655 [Worker-87: Building] INFO  o.a.m.s.f.DefaultMavenResourcesFiltering - Copying 1 resource from src\main\resources to target\classes
2023-12-26 18:04:31,737 [Worker-87: Building] INFO  o.a.m.s.f.DefaultMavenResourcesFiltering - Copying 0 resource from src\main\resources to target\classes
2023-12-26 18:04:31,740 [Worker-87: Building] INFO  o.a.m.s.f.DefaultMavenResourcesFiltering - skip non existing resourceDirectory C:\Users\alexs\OneDrive - Universidad de Castilla-La Mancha\Escritorio\UNIVERSIDAD\CUARTO\Proyecto_Integrado_Sprint2\SPRINT 2\SPRINT 2\SPRINT 2 BACKEND\MueveTIC\src\test\resources
2023-12-26 19:42:27,583 [Worker-107: Building] INFO  o.a.m.s.f.DefaultMavenResourcesFiltering - Copying 1 resource from src\main\resources to target\classes
2023-12-26 19:42:27,654 [Worker-107: Building] INFO  o.a.m.s.f.DefaultMavenResourcesFiltering - Copying 0 resource from src\main\resources to target\classes
2023-12-26 19:42:27,657 [Worker-107: Building] INFO  o.a.m.s.f.DefaultMavenResourcesFiltering - skip non existing resourceDirectory C:\Users\alexs\OneDrive - Universidad de Castilla-La Mancha\Escritorio\UNIVERSIDAD\CUARTO\Proyecto_Integrado_Sprint2\SPRINT 2\SPRINT 2\SPRINT 2 BACKEND\MueveTIC\src\test\resources
2023-12-26 19:42:46,131 [Worker-110: Building] INFO  o.a.m.s.f.DefaultMavenResourcesFiltering - Copying 1 resource from src\main\resources to target\classes
2023-12-26 19:42:46,163 [Worker-110: Building] INFO  o.a.m.s.f.DefaultMavenResourcesFiltering - Copying 0 resource from src\main\resources to target\classes
2023-12-26 19:42:46,166 [Worker-110: Building] INFO  o.a.m.s.f.DefaultMavenResourcesFiltering - skip non existing resourceDirectory C:\Users\alexs\OneDrive - Universidad de Castilla-La Mancha\Escritorio\UNIVERSIDAD\CUARTO\Proyecto_Integrado_Sprint2\SPRINT 2\SPRINT 2\SPRINT 2 BACKEND\MueveTIC\src\test\resources
2023-12-26 19:47:26,043 [Worker-113: Building] INFO  o.a.m.s.f.DefaultMavenResourcesFiltering - Copying 1 resource from src\main\resources to target\classes
2023-12-26 19:47:26,080 [Worker-113: Building] INFO  o.a.m.s.f.DefaultMavenResourcesFiltering - Copying 0 resource from src\main\resources to target\classes
2023-12-26 19:47:26,083 [Worker-113: Building] INFO  o.a.m.s.f.DefaultMavenResourcesFiltering - skip non existing resourceDirectory C:\Users\alexs\OneDrive - Universidad de Castilla-La Mancha\Escritorio\UNIVERSIDAD\CUARTO\Proyecto_Integrado_Sprint2\SPRINT 2\SPRINT 2\SPRINT 2 BACKEND\MueveTIC\src\test\resources
2023-12-26 19:57:52,030 [Worker-78: Building] INFO  o.a.m.s.f.DefaultMavenResourcesFiltering - Copying 1 resource from src\main\resources to target\classes
2023-12-26 19:57:52,093 [Worker-78: Building] INFO  o.a.m.s.f.DefaultMavenResourcesFiltering - Copying 0 resource from src\main\resources to target\classes
2023-12-26 19:57:52,097 [Worker-78: Building] INFO  o.a.m.s.f.DefaultMavenResourcesFiltering - skip non existing resourceDirectory C:\Users\alexs\OneDrive - Universidad de Castilla-La Mancha\Escritorio\UNIVERSIDAD\CUARTO\Proyecto_Integrado_Sprint2\SPRINT 2\SPRINT 2\SPRINT 2 BACKEND\MueveTIC\src\test\resources
2023-12-26 19:58:38,189 [Worker-78: Building] INFO  o.a.m.s.f.DefaultMavenResourcesFiltering - Copying 1 resource from src\main\resources to target\classes
2023-12-26 19:58:38,200 [Worker-78: Building] INFO  o.a.m.s.f.DefaultMavenResourcesFiltering - Copying 0 resource from src\main\resources to target\classes
2023-12-26 19:58:38,203 [Worker-78: Building] INFO  o.a.m.s.f.DefaultMavenResourcesFiltering - skip non existing resourceDirectory C:\Users\alexs\OneDrive - Universidad de Castilla-La Mancha\Escritorio\UNIVERSIDAD\CUARTO\Proyecto_Integrado_Sprint2\SPRINT 2\SPRINT 2\SPRINT 2 BACKEND\MueveTIC\src\test\resources
2023-12-26 20:05:36,280 [Worker-119: Building] INFO  o.a.m.s.f.DefaultMavenResourcesFiltering - Copying 1 resource from src\main\resources to target\classes
2023-12-26 20:05:36,285 [Worker-119: Building] INFO  o.a.m.s.f.DefaultMavenResourcesFiltering - Copying 0 resource from src\main\resources to target\classes
2023-12-26 20:05:36,289 [Worker-119: Building] INFO  o.a.m.s.f.DefaultMavenResourcesFiltering - skip non existing resourceDirectory C:\Users\alexs\OneDrive - Universidad de Castilla-La Mancha\Escritorio\UNIVERSIDAD\CUARTO\Proyecto_Integrado_Sprint2\SPRINT 2\SPRINT 2\SPRINT 2 BACKEND\MueveTIC\src\test\resources
2023-12-26 20:23:58,132 [Worker-133: Building] INFO  o.a.m.s.f.DefaultMavenResourcesFiltering - Copying 1 resource from src\main\resources to target\classes
2023-12-26 20:23:58,182 [Worker-133: Building] INFO  o.a.m.s.f.DefaultMavenResourcesFiltering - Copying 0 resource from src\main\resources to target\classes
2023-12-26 20:23:58,185 [Worker-133: Building] INFO  o.a.m.s.f.DefaultMavenResourcesFiltering - skip non existing resourceDirectory C:\Users\alexs\OneDrive - Universidad de Castilla-La Mancha\Escritorio\UNIVERSIDAD\CUARTO\Proyecto_Integrado_Sprint2\SPRINT 2\SPRINT 2\SPRINT 2 BACKEND\MueveTIC\src\test\resources
2023-12-26 21:09:33,538 [Worker-149: Building] INFO  o.a.m.s.f.DefaultMavenResourcesFiltering - Copying 1 resource from src\main\resources to target\classes
2023-12-26 21:09:33,614 [Worker-149: Building] INFO  o.a.m.s.f.DefaultMavenResourcesFiltering - Copying 0 resource from src\main\resources to target\classes
2023-12-26 21:09:33,618 [Worker-149: Building] INFO  o.a.m.s.f.DefaultMavenResourcesFiltering - skip non existing resourceDirectory C:\Users\alexs\OneDrive - Universidad de Castilla-La Mancha\Escritorio\UNIVERSIDAD\CUARTO\Proyecto_Integrado_Sprint2\SPRINT 2\SPRINT 2\SPRINT 2 BACKEND\MueveTIC\src\test\resources
2023-12-26 21:10:03,083 [Worker-152: Building] INFO  o.a.m.s.f.DefaultMavenResourcesFiltering - Copying 1 resource from src\main\resources to target\classes
2023-12-26 21:10:03,130 [Worker-152: Building] INFO  o.a.m.s.f.DefaultMavenResourcesFiltering - Copying 0 resource from src\main\resources to target\classes
2023-12-26 21:10:03,133 [Worker-152: Building] INFO  o.a.m.s.f.DefaultMavenResourcesFiltering - skip non existing resourceDirectory C:\Users\alexs\OneDrive - Universidad de Castilla-La Mancha\Escritorio\UNIVERSIDAD\CUARTO\Proyecto_Integrado_Sprint2\SPRINT 2\SPRINT 2\SPRINT 2 BACKEND\MueveTIC\src\test\resources
2023-12-27 20:33:49,795 [ForkJoinPool.commonPool-worker-65] INFO  j.exodus.util.CompressBackupUtil - Backup file "local_only_issue_backup2023-12-27-20-33-49.tar.gz" created.
2024-01-14 17:55:02,683 [Worker-4: Loading available Gradle versions] INFO  o.e.b.c.i.u.g.PublishedGradleVersions - Gradle version information cache is out-of-date. Trying to update.
2024-01-14 17:55:03,585 [ForkJoinPool.commonPool-worker-1] INFO  o.s.s.s.o.s.c.s.PostProcessorRegistrationDelegate$BeanPostProcessorChecker - Bean 'sonarLintSpringAppConfig' of type [org.sonarsource.sonarlint.core.spring.SonarLintSpringAppConfig$$EnhancerBySpringCGLIB$$386cea04] is not eligible for getting processed by all BeanPostProcessors (for example: not eligible for auto-proxying)
2024-01-14 17:55:03,670 [ForkJoinPool.commonPool-worker-1] INFO  o.s.s.s.o.s.c.s.PostProcessorRegistrationDelegate$BeanPostProcessorChecker - Bean 'provideClientEventBus' of type [com.google.common.eventbus.AsyncEventBus] is not eligible for getting processed by all BeanPostProcessors (for example: not eligible for auto-proxying)
2024-01-14 17:55:09,833 [ForkJoinPool.commonPool-worker-1] INFO  jetbrains.exodus.io.FileDataWriter - Uninterruptible file channel will be used
2024-01-14 17:55:09,835 [ForkJoinPool.commonPool-worker-1] WARN  jetbrains.exodus.io.FileDataWriter - Can't open directory channel. Log directory fsync won't be performed.
2024-01-14 17:55:10,206 [ForkJoinPool.commonPool-worker-1] INFO  j.exodus.env.EnvironmentImpl - Exodus environment created: C:\Users\alexs\OneDrive - Universidad de Castilla-La Mancha\Escritorio\UNIVERSIDAD\CUARTO\Proyecto_Integrado_Sprint2\SPRINT 2\SPRINT 2\SPRINT 2 BACKEND\.sonarlint\default\xodus-local-only-issue-store13662440654994365895
2024-01-14 17:55:10,208 [ForkJoinPool.commonPool-worker-1] INFO  j.exodus.gc.GarbageCollector - Queueing ComputeUtilizationFromScratchJob
2024-01-14 17:55:19,830 [Exodus shared background cleaner] INFO  j.exodus.gc.GarbageCollector - Started calculation of log utilization from scratch at C:\Users\alexs\OneDrive - Universidad de Castilla-La Mancha\Escritorio\UNIVERSIDAD\CUARTO\Proyecto_Integrado_Sprint2\SPRINT 2\SPRINT 2\SPRINT 2 BACKEND\.sonarlint\default\xodus-local-only-issue-store13662440654994365895
2024-01-14 17:55:19,839 [Exodus shared background cleaner] INFO  j.exodus.gc.GarbageCollector - Finished calculation of log utilization from scratch at C:\Users\alexs\OneDrive - Universidad de Castilla-La Mancha\Escritorio\UNIVERSIDAD\CUARTO\Proyecto_Integrado_Sprint2\SPRINT 2\SPRINT 2\SPRINT 2 BACKEND\.sonarlint\default\xodus-local-only-issue-store13662440654994365895
2024-01-15 15:18:14,164 [Start Help Server] INFO  org.eclipse.jetty.server.Server - jetty-10.0.15; built: 2023-04-11T17:25:14.480Z; git: 68017dbd00236bb7e187330d7585a059610f661d; jvm 17.0.8+9-LTS-211
2024-01-15 15:18:14,220 [Start Help Server] INFO  o.e.j.s.s.DefaultSessionIdManager - Session workerName=node0
2024-01-15 15:18:14,279 [Start Help Server] INFO  o.e.j.server.handler.ContextHandler - Started o.e.j.s.ServletContextHandler@5106f3a2{/help,null,AVAILABLE}
2024-01-15 15:18:14,302 [Start Help Server] INFO  o.e.jetty.server.AbstractConnector - Started ServerConnector@382776d9{HTTP/1.1, (http/1.1)}{127.0.0.1:55089}
2024-01-15 15:18:14,310 [Start Help Server] INFO  org.eclipse.jetty.server.Server - Started Server@43d8a3e0{STARTING}[10.0.15,sto=0] @77042468ms
2024-01-15 19:47:06,185 [ForkJoinPool.commonPool-worker-33] INFO  j.exodus.util.CompressBackupUtil - Backup file "local_only_issue_backup2024-01-15-19-47-06.tar.gz" created.
2024-01-15 19:47:06,515 [Stop Help Server] INFO  org.eclipse.jetty.server.Server - Stopped Server@43d8a3e0{STOPPING}[10.0.15,sto=0]
2024-01-15 19:47:06,524 [Stop Help Server] INFO  o.e.jetty.server.AbstractConnector - Stopped ServerConnector@382776d9{HTTP/1.1, (http/1.1)}{127.0.0.1:0}
2024-01-15 19:47:06,536 [Stop Help Server] INFO  o.e.j.server.handler.ContextHandler - Stopped o.e.j.s.ServletContextHandler@5106f3a2{/help,null,STOPPED}
